<?xml version="1.0" encoding="UTF-8"?>
<!-- Generated by org.testng.reporters.JUnitXMLReporter -->
<testsuite ignored="0" hostname="DESKTOP-EIN1GKN" failures="0" tests="10" name="Test" time="100.603" errors="0" timestamp="24 Aug 2023 18:50:22 GMT">
  <testcase classname="com.inetBanking_V122.TestCases.SearchFunctionaility" name="Validatethatsearchboxisdisplayedinthehomepage" time="0.281"/>
  <testcase classname="com.inetBanking_V122.TestCases.SearchFunctionaility" name="ValidatethatsearchButttonisdisplayedinthehomepage" time="0.055"/>
  <testcase classname="com.inetBanking_V122.TestCases.SearchFunctionaility" name="ValidatethatSearchforVegetablesAndFruitsPlaceholderisdispalyedinsearchboxfield" time="0.041"/>
  <testcase classname="com.inetBanking_V122.TestCases.SearchFunctionaility" name="Validatethatmultipleproductsaredisplayedinthehomepage" time="0.034"/>
  <testcase classname="com.inetBanking_V122.TestCases.SearchFunctionaility" name="Validatethatproductsaresortedaspertheuserinputs" time="1.235"/>
  <testcase classname="com.inetBanking_V122.TestCases.SearchFunctionaility" name="Validatethatproductsaresortedaspertheuserinputsthepartialproductname" time="1.216"/>
  <testcase classname="com.inetBanking_V122.TestCases.SearchFunctionaility" name="Validatethatallinitialproductsaredisplayedwhensearchboxisresettedaftersorting" time="1.099"/>
  <testcase classname="com.inetBanking_V122.TestCases.SearchFunctionaility" name="ValidatethatSorrynoproductsmatchedyoursearchmessageisdisplayedwhenuserentersproductnamewhichisnotavailable" time="1.091"/>
  <testcase classname="com.inetBanking_V122.TestCases.SearchFunctionaility" name="Validatethatwhenuniqueproductareaddedtothecartitemfieldisupdated" time="43.39"/>
  <testcase classname="com.inetBanking_V122.TestCases.SearchFunctionaility" name="Validatethatwhenduplicateproductareaddedtothecartitemfieldisnotupdated" time="43.336"/>
</testsuite> <!-- Test -->
