<?xml version="1.0" encoding="UTF-8"?>
<testng-results ignored="0" total="1" passed="1" failed="0" skipped="0">
  <reporter-output>
  </reporter-output>
  <suite started-at="2023-08-24T17:23:07Z" name="Parallel Test Suite" finished-at="2023-08-24T17:23:19Z" duration-ms="12361">
    <groups>
    </groups>
    <test started-at="2023-08-24T17:23:07Z" name="Test" finished-at="2023-08-24T17:23:19Z" duration-ms="12361">
      <class name="com.inetBanking_V122.TestCases.SearchFunctionaility">
        <test-method is-config="true" signature="setUp(java.lang.String)[pri:0, instance:com.inetBanking_V122.TestCases.SearchFunctionaility@6d167f58]" started-at="2023-08-24T17:23:07Z" name="setUp" finished-at="2023-08-24T17:23:15Z" duration-ms="7898" status="PASS">
          <params>
            <param index="0">
              <value>
                <![CDATA[firefox]]>
              </value>
            </param>
          </params>
          <reporter-output>
          </reporter-output>
        </test-method> <!-- setUp -->
        <test-method signature="Validatethatwhenuniqueproductareaddedtothecartitemfieldisupdated()[pri:1, instance:com.inetBanking_V122.TestCases.SearchFunctionaility@6d167f58]" started-at="2023-08-24T17:23:15Z" name="Validatethatwhenuniqueproductareaddedtothecartitemfieldisupdated" finished-at="2023-08-24T17:23:18Z" duration-ms="2656" status="PASS">
          <reporter-output>
          </reporter-output>
        </test-method> <!-- Validatethatwhenuniqueproductareaddedtothecartitemfieldisupdated -->
        <test-method is-config="true" signature="tearDown()[pri:0, instance:com.inetBanking_V122.TestCases.SearchFunctionaility@6d167f58]" started-at="2023-08-24T17:23:18Z" name="tearDown" finished-at="2023-08-24T17:23:19Z" duration-ms="1448" status="PASS">
          <reporter-output>
          </reporter-output>
        </test-method> <!-- tearDown -->
      </class> <!-- com.inetBanking_V122.TestCases.SearchFunctionaility -->
    </test> <!-- Test -->
  </suite> <!-- Parallel Test Suite -->
</testng-results>
