<?xml version="1.0" encoding="UTF-8"?>
<testng-results ignored="0" total="1" passed="1" failed="0" skipped="0">
  <reporter-output>
  </reporter-output>
  <suite started-at="2023-08-18T07:59:17Z" name="Suite" finished-at="2023-08-18T07:59:30Z" duration-ms="12671">
    <groups>
    </groups>
    <test started-at="2023-08-18T07:59:17Z" name="Test" finished-at="2023-08-18T07:59:30Z" duration-ms="12671">
      <class name="com.inetBanking_V122.TestCases.LoginTest">
        <test-method is-config="true" signature="setUp(java.lang.String)[pri:0, instance:com.inetBanking_V122.TestCases.LoginTest@6bf08014]" started-at="2023-08-18T07:59:17Z" name="setUp" finished-at="2023-08-18T07:59:21Z" duration-ms="3951" status="PASS">
          <params>
            <param index="0">
              <value>
                <![CDATA[firefox]]>
              </value>
            </param>
          </params>
          <reporter-output>
          </reporter-output>
        </test-method> <!-- setUp -->
        <test-method signature="loginTest()[pri:0, instance:com.inetBanking_V122.TestCases.LoginTest@6bf08014]" started-at="2023-08-18T07:59:21Z" name="loginTest" finished-at="2023-08-18T07:59:28Z" duration-ms="6668" status="PASS">
          <reporter-output>
          </reporter-output>
        </test-method> <!-- loginTest -->
        <test-method is-config="true" signature="tearDown()[pri:0, instance:com.inetBanking_V122.TestCases.LoginTest@6bf08014]" started-at="2023-08-18T07:59:28Z" name="tearDown" finished-at="2023-08-18T07:59:30Z" duration-ms="1758" status="PASS">
          <reporter-output>
          </reporter-output>
        </test-method> <!-- tearDown -->
      </class> <!-- com.inetBanking_V122.TestCases.LoginTest -->
    </test> <!-- Test -->
  </suite> <!-- Suite -->
</testng-results>
