<?xml version="1.0" encoding="UTF-8"?>
<testsuite xmlns:xsi="http://www.w3.org/2001/XMLSchema-instance" xsi:noNamespaceSchemaLocation="https://maven.apache.org/surefire/maven-surefire-plugin/xsd/surefire-test-report-3.0.xsd" version="3.0" name="TestSuite" time="14.263" tests="1" errors="0" skipped="0" failures="0">
  <properties>
[...]
</properties>
  <testcase name="Validatethatwhenuniqueproductareaddedtothecartitemfieldisupdated" classname="com.inetBanking_V122.TestCases.SearchFunctionaility" time="2.658">
    <system-out><![CDATA[[TestNGContentHandler] [WARN] It is strongly recommended to add "<!DOCTYPE suite SYSTEM "http://testng.org/testng-1.0.dtd" >" at the top of your file, otherwise TestNG may fail or not work as expected.
PN=Brocolli
P1=Brocolli
PN=Cauliflower
P1=Brocolli
PN=Cucumber
P1=Brocolli
PN=Beetroot
P1=Brocolli
PN=Carrot
P1=Brocolli
PN=Tomato
P1=Brocolli
PN=Beans
P1=Brocolli
PN=Brinjal
P1=Brocolli
PN=Capsicum
P1=Brocolli
PN=Mushroom
P1=Brocolli
PN=Potato
P1=Brocolli
PN=Pumpkin
P1=Brocolli
PN=Corn
P1=Brocolli
PN=Onion
P1=Brocolli
PN=Apple
P1=Brocolli
PN=Banana
P1=Brocolli
PN=Grapes
P1=Brocolli
PN=Mango
P1=Brocolli
PN=Musk Melon
P1=Brocolli
PN=Orange
P1=Brocolli
PN=Pears
P1=Brocolli
PN=Pomegranate
P1=Brocolli
PN=Raspberry
P1=Brocolli
PN=Strawberry
P1=Brocolli
PN=Water Melon
P1=Brocolli
PN=Almonds
P1=Brocolli
PN=Pista
P1=Brocolli
PN=Nuts Mixture
P1=Brocolli
PN=Cashews
P1=Brocolli
PN=Walnuts
P1=Brocolli
PN=Brocolli
P1=Brocolli
PN=Cauliflower
P1=Brocolli
PN=Cucumber
P1=Brocolli
PN=Beetroot
P1=Brocolli
PN=Carrot
P1=Brocolli
PN=Tomato
P1=Brocolli
PN=Beans
P1=Brocolli
PN=Brinjal
P1=Brocolli
PN=Capsicum
P1=Brocolli
PN=Mushroom
P1=Brocolli
PN=Potato
P1=Brocolli
PN=Pumpkin
P1=Brocolli
PN=Corn
P1=Brocolli
PN=Onion
P1=Brocolli
PN=Apple
P1=Brocolli
PN=Banana
P1=Brocolli
PN=Grapes
P1=Brocolli
PN=Mango
P1=Brocolli
PN=Musk Melon
P1=Brocolli
PN=Orange
P1=Brocolli
PN=Pears
P1=Brocolli
PN=Pomegranate
P1=Brocolli
PN=Raspberry
P1=Brocolli
PN=Strawberry
P1=Brocolli
PN=Water Melon
P1=Brocolli
PN=Almonds
P1=Brocolli
PN=Pista
P1=Brocolli
PN=Nuts Mixture
P1=Brocolli
PN=Cashews
P1=Brocolli
PN=Walnuts
P1=Brocolli
0
]]></system-out>
    <system-err><![CDATA[1692897788010	geckodriver	INFO	Listening on 127.0.0.1:33591
1692897788364	mozrunner::runner	INFO	Running command: "C:\\Program Files\\Mozilla Firefox\\firefox.exe" "--marionette" "-no-remote" "-profile" "C:\\Users\\DELL\\AppData\\Local\\Temp\\rust_mozprofilec80CuM"
console.warn: services.settings: Ignoring preference override of remote settings server
console.warn: services.settings: Allow by setting MOZ_REMOTE_SETTINGS_DEVTOOLS=1 in the environment
1692897789304	Marionette	INFO	Marionette enabled
Dynamically enable window occlusion 0
1692897790501	Marionette	INFO	Listening on port 62513
Read port: 62513
1692897790833	RemoteAgent	WARN	TLS certificate errors will be ignored for this session
Aug 24, 2023 10:53:13 PM org.openqa.selenium.remote.ProtocolHandshake createSession
INFO: Detected dialect: W3C
log4j:ERROR Could not find value for key log4j.appender.CONSOLE
log4j:ERROR Could not instantiate appender named "CONSOLE".
]]></system-err>
  </testcase>
</testsuite>