<?xml version="1.0" encoding="UTF-8"?>
<!-- Generated by org.testng.reporters.JUnitXMLReporter -->
<testsuite ignored="0" hostname="DESKTOP-EIN1GKN" failures="2" tests="2" name="Test" time="20.965" errors="0" timestamp="23 Aug 2023 16:23:10 GMT">
  <testcase classname="com.inetBanking_V122.TestCases.SearchFunctionaility" name="ValidatethatsearchButttonisdisplayedinthehomepage" time="0.004">
    <failure type="java.lang.NullPointerException" message="Cannot invoke &amp;quot;org.openqa.selenium.SearchContext.findElement(org.openqa.selenium.By)&amp;quot; because &amp;quot;this.searchContext&amp;quot; is null">
      <![CDATA[java.lang.NullPointerException: Cannot invoke "org.openqa.selenium.SearchContext.findElement(org.openqa.selenium.By)" because "this.searchContext" is null
at org.openqa.selenium.support.pagefactory.DefaultElementLocator.findElement(DefaultElementLocator.java:69)
at org.openqa.selenium.support.pagefactory.internal.LocatingElementHandler.invoke(LocatingElementHandler.java:38)
at jdk.proxy2/jdk.proxy2.$Proxy9.isDisplayed(Unknown Source)
at com.inetBanking_V122.PageObjects.SearchPage.searchButtonIsDisplayed(SearchPage.java:56)
at com.inetBanking_V122.TestCases.SearchFunctionaility.ValidatethatsearchButttonisdisplayedinthehomepage(SearchFunctionaility.java:24)
at java.base/java.util.concurrent.ThreadPoolExecutor.runWorker(ThreadPoolExecutor.java:1136)
at java.base/java.util.concurrent.ThreadPoolExecutor$Worker.run(ThreadPoolExecutor.java:635)
at java.base/java.lang.Thread.run(Thread.java:833)
... Removed 10 stack frames]]>
    </failure>
  </testcase> <!-- ValidatethatsearchButttonisdisplayedinthehomepage -->
  <testcase classname="com.inetBanking_V122.TestCases.SearchFunctionaility" name="Validatethatsearchboxisdisplayedinthehomepage" time="0.007">
    <failure type="java.lang.NullPointerException" message="Cannot invoke &amp;quot;org.openqa.selenium.SearchContext.findElement(org.openqa.selenium.By)&amp;quot; because &amp;quot;this.searchContext&amp;quot; is null">
      <![CDATA[java.lang.NullPointerException: Cannot invoke "org.openqa.selenium.SearchContext.findElement(org.openqa.selenium.By)" because "this.searchContext" is null
at org.openqa.selenium.support.pagefactory.DefaultElementLocator.findElement(DefaultElementLocator.java:69)
at org.openqa.selenium.support.pagefactory.internal.LocatingElementHandler.invoke(LocatingElementHandler.java:38)
at jdk.proxy2/jdk.proxy2.$Proxy9.isDisplayed(Unknown Source)
at com.inetBanking_V122.PageObjects.SearchPage.searchBoxIsDisplayed(SearchPage.java:51)
at com.inetBanking_V122.TestCases.SearchFunctionaility.Validatethatsearchboxisdisplayedinthehomepage(SearchFunctionaility.java:16)
at java.base/java.util.concurrent.ThreadPoolExecutor.runWorker(ThreadPoolExecutor.java:1136)
at java.base/java.util.concurrent.ThreadPoolExecutor$Worker.run(ThreadPoolExecutor.java:635)
at java.base/java.lang.Thread.run(Thread.java:833)
... Removed 10 stack frames]]>
    </failure>
  </testcase> <!-- Validatethatsearchboxisdisplayedinthehomepage -->
</testsuite> <!-- Test -->
