<?xml version="1.0" encoding="UTF-8"?>
<testng-results ignored="0" total="1" passed="1" failed="0" skipped="0">
  <reporter-output>
  </reporter-output>
  <suite started-at="2023-08-26T19:27:32Z" name="Parallel Test Suite" finished-at="2023-08-26T19:28:24Z" duration-ms="52421">
    <groups>
    </groups>
    <test started-at="2023-08-26T19:27:32Z" name="Test" finished-at="2023-08-26T19:28:24Z" duration-ms="52421">
      <class name="com.inetBanking_V122.TestCases.SearchFunctionaility">
        <test-method is-config="true" signature="setUp(java.lang.String)[pri:0, instance:com.inetBanking_V122.TestCases.SearchFunctionaility@d771cc9]" started-at="2023-08-26T19:27:32Z" name="setUp" finished-at="2023-08-26T19:27:38Z" duration-ms="6242" status="PASS">
          <params>
            <param index="0">
              <value>
                <![CDATA[firefox]]>
              </value>
            </param>
          </params>
          <reporter-output>
          </reporter-output>
        </test-method> <!-- setUp -->
        <test-method signature="Validatethatwhenproductareaddedtothecartpricefieldisupdated()[pri:13, instance:com.inetBanking_V122.TestCases.SearchFunctionaility@d771cc9]" started-at="2023-08-26T19:27:38Z" name="Validatethatwhenproductareaddedtothecartpricefieldisupdated" finished-at="2023-08-26T19:28:23Z" duration-ms="44660" status="PASS">
          <reporter-output>
          </reporter-output>
        </test-method> <!-- Validatethatwhenproductareaddedtothecartpricefieldisupdated -->
        <test-method is-config="true" signature="tearDown()[pri:0, instance:com.inetBanking_V122.TestCases.SearchFunctionaility@d771cc9]" started-at="2023-08-26T19:28:23Z" name="tearDown" finished-at="2023-08-26T19:28:24Z" duration-ms="1205" status="PASS">
          <reporter-output>
          </reporter-output>
        </test-method> <!-- tearDown -->
      </class> <!-- com.inetBanking_V122.TestCases.SearchFunctionaility -->
    </test> <!-- Test -->
  </suite> <!-- Parallel Test Suite -->
</testng-results>
