<?xml version="1.0" encoding="UTF-8"?>
<testng-results ignored="0" total="6" passed="6" failed="0" skipped="0">
  <reporter-output>
  </reporter-output>
  <suite started-at="2023-08-24T08:38:11Z" name="Parallel Test Suite" finished-at="2023-08-24T08:38:22Z" duration-ms="10810">
    <groups>
    </groups>
    <test started-at="2023-08-24T08:38:11Z" name="Test" finished-at="2023-08-24T08:38:22Z" duration-ms="10810">
      <class name="com.inetBanking_V122.TestCases.SearchFunctionaility">
        <test-method is-config="true" signature="setUp(java.lang.String)[pri:0, instance:com.inetBanking_V122.TestCases.SearchFunctionaility@1583741e]" started-at="2023-08-24T08:38:12Z" name="setUp" finished-at="2023-08-24T08:38:18Z" duration-ms="6292" status="PASS">
          <params>
            <param index="0">
              <value>
                <![CDATA[firefox]]>
              </value>
            </param>
          </params>
          <reporter-output>
          </reporter-output>
        </test-method> <!-- setUp -->
        <test-method signature="Validatethatsearchboxisdisplayedinthehomepage()[pri:1, instance:com.inetBanking_V122.TestCases.SearchFunctionaility@1583741e]" started-at="2023-08-24T08:38:18Z" name="Validatethatsearchboxisdisplayedinthehomepage" finished-at="2023-08-24T08:38:18Z" duration-ms="186" status="PASS">
          <reporter-output>
          </reporter-output>
        </test-method> <!-- Validatethatsearchboxisdisplayedinthehomepage -->
        <test-method signature="ValidatethatsearchButttonisdisplayedinthehomepage()[pri:2, instance:com.inetBanking_V122.TestCases.SearchFunctionaility@1583741e]" started-at="2023-08-24T08:38:18Z" name="ValidatethatsearchButttonisdisplayedinthehomepage" finished-at="2023-08-24T08:38:18Z" duration-ms="72" status="PASS">
          <reporter-output>
          </reporter-output>
        </test-method> <!-- ValidatethatsearchButttonisdisplayedinthehomepage -->
        <test-method signature="ValidatethatSearchforVegetablesAndFruitsPlaceholderisdispalyedinsearchboxfield()[pri:3, instance:com.inetBanking_V122.TestCases.SearchFunctionaility@1583741e]" started-at="2023-08-24T08:38:18Z" name="ValidatethatSearchforVegetablesAndFruitsPlaceholderisdispalyedinsearchboxfield" finished-at="2023-08-24T08:38:18Z" duration-ms="31" status="PASS">
          <reporter-output>
          </reporter-output>
        </test-method> <!-- ValidatethatSearchforVegetablesAndFruitsPlaceholderisdispalyedinsearchboxfield -->
        <test-method signature="Validatethatmultipleproductsaredisplayedinthehomepage()[pri:4, instance:com.inetBanking_V122.TestCases.SearchFunctionaility@1583741e]" started-at="2023-08-24T08:38:18Z" name="Validatethatmultipleproductsaredisplayedinthehomepage" finished-at="2023-08-24T08:38:18Z" duration-ms="40" status="PASS">
          <reporter-output>
          </reporter-output>
        </test-method> <!-- Validatethatmultipleproductsaredisplayedinthehomepage -->
        <test-method signature="Validatethatproductsaresortedaspertheuserinputs()[pri:5, instance:com.inetBanking_V122.TestCases.SearchFunctionaility@1583741e]" started-at="2023-08-24T08:38:18Z" name="Validatethatproductsaresortedaspertheuserinputs" finished-at="2023-08-24T08:38:20Z" duration-ms="1340" status="PASS">
          <reporter-output>
          </reporter-output>
        </test-method> <!-- Validatethatproductsaresortedaspertheuserinputs -->
        <test-method signature="Validatethatproductsaresortedaspertheuserinputsthepartialproductname()[pri:6, instance:com.inetBanking_V122.TestCases.SearchFunctionaility@1583741e]" started-at="2023-08-24T08:38:20Z" name="Validatethatproductsaresortedaspertheuserinputsthepartialproductname" finished-at="2023-08-24T08:38:21Z" duration-ms="1335" status="PASS">
          <reporter-output>
          </reporter-output>
        </test-method> <!-- Validatethatproductsaresortedaspertheuserinputsthepartialproductname -->
        <test-method is-config="true" signature="tearDown()[pri:0, instance:com.inetBanking_V122.TestCases.SearchFunctionaility@1583741e]" started-at="2023-08-24T08:38:21Z" name="tearDown" finished-at="2023-08-24T08:38:22Z" duration-ms="1204" status="PASS">
          <reporter-output>
          </reporter-output>
        </test-method> <!-- tearDown -->
      </class> <!-- com.inetBanking_V122.TestCases.SearchFunctionaility -->
    </test> <!-- Test -->
  </suite> <!-- Parallel Test Suite -->
</testng-results>
